[debug] [2025-08-15T15:22:39.932Z] ----------------------------------------------------------------------
[debug] [2025-08-15T15:22:39.934Z] Command:       /opt/homebrew/Cellar/node/24.5.0/bin/node /Users/pauliusskrebutenas/.npm/_npx/7750544ccf494d8b/node_modules/.bin/firebase init hosting:github
[debug] [2025-08-15T15:22:39.934Z] CLI Version:   14.12.1
[debug] [2025-08-15T15:22:39.934Z] Platform:      darwin
[debug] [2025-08-15T15:22:39.934Z] Node Version:  v24.5.0
[debug] [2025-08-15T15:22:39.935Z] Time:          Fri Aug 15 2025 17:22:39 GMT+0200 (Central European Summer Time)
[debug] [2025-08-15T15:22:39.935Z] ----------------------------------------------------------------------
[debug] 
[debug] [2025-08-15T15:22:40.024Z] > command requires scopes: ["email","openid","https://www.googleapis.com/auth/cloudplatformprojects.readonly","https://www.googleapis.com/auth/firebase","https://www.googleapis.com/auth/cloud-platform"]
[debug] [2025-08-15T15:22:40.024Z] > authorizing via signed-in user (paulius.ps.skrebutenas@gmail.com)
[info] 
     ######## #### ########  ######## ########     ###     ######  ########
     ##        ##  ##     ## ##       ##     ##  ##   ##  ##       ##
     ######    ##  ########  ######   ########  #########  ######  ######
     ##        ##  ##    ##  ##       ##     ## ##     ##       ## ##
     ##       #### ##     ## ######## ########  ##     ##  ######  ########

You're about to initialize a Firebase project in this directory:

  /Volumes/SSD PS1.1TB /011 Programming/003 Hard 75 Tracker

Before we get started, keep in mind:

  * You are currently outside your home directory
  * You are initializing within an existing Firebase project directory

[info] 
=== Project Setup
[info] 
[info] First, let's associate this project directory with a Firebase project.
[info] You can create multiple project aliases by running firebase use --add, 
[info] but for now we'll just set up a default project.
[info] 
[debug] [2025-08-15T15:22:40.032Z] Using project from CLI flag: hard-75-tracker
[debug] [2025-08-15T15:22:40.033Z] Checked if tokens are valid: true, expires at: 1755272499705
[debug] [2025-08-15T15:22:40.033Z] Checked if tokens are valid: true, expires at: 1755272499705
[debug] [2025-08-15T15:22:40.034Z] >>> [apiv2][query] GET https://firebase.googleapis.com/v1beta1/projects/hard-75-tracker [none]
[debug] [2025-08-15T15:22:40.450Z] <<< [apiv2][status] GET https://firebase.googleapis.com/v1beta1/projects/hard-75-tracker 200
[debug] [2025-08-15T15:22:40.450Z] <<< [apiv2][body] GET https://firebase.googleapis.com/v1beta1/projects/hard-75-tracker {"projectId":"hard-75-tracker","projectNumber":"295957271580","displayName":"Hard 75 tracker","name":"projects/hard-75-tracker","resources":{"hostingSite":"hard-75-tracker"},"state":"ACTIVE","etag":"1_a2bfbc93-d47b-48bd-87e1-a8a05a2979aa"}
[info] i  Using project hard-75-tracker (Hard 75 tracker) 
[info] 
=== Hosting:github Setup
[info] 
[info] i  Detected a .git folder at /Volumes/SSD PS1.1TB /011 Programming/003 Hard 75 Tracker 
[info] i  Authorizing with GitHub to upload your service account to a GitHub repository's secrets store. 
[info] 
[info] Visit this URL on this device to log in:
[info] https://github.com/login/oauth/authorize?client_id=89cf50f02ac6aaed3484&state=785171584&redirect_uri=http%3A%2F%2Flocalhost%3A9005&scope=read%3Auser%20repo%20public_repo
[info] 
[info] Waiting for authentication...
[debug] [2025-08-15T15:22:51.627Z] >>> [apiv2][query] POST https://github.com/login/oauth/access_token [none]
[debug] [2025-08-15T15:22:51.627Z] >>> [apiv2][body] POST https://github.com/login/oauth/access_token [stream]
[debug] [2025-08-15T15:22:52.076Z] <<< [apiv2][status] POST https://github.com/login/oauth/access_token 200
[debug] [2025-08-15T15:22:52.077Z] <<< [apiv2][body] POST https://github.com/login/oauth/access_token {"access_token":"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","token_type":"bearer","scope":"read:user,repo"}
[debug] [2025-08-15T15:22:52.085Z] >>> [apiv2][query] GET https://api.github.com/user [none]
[debug] [2025-08-15T15:22:52.457Z] <<< [apiv2][status] GET https://api.github.com/user 200
[debug] [2025-08-15T15:22:52.458Z] <<< [apiv2][body] GET https://api.github.com/user {"login":"Paulius-skre","id":136818799,"node_id":"U_kgDOCCewbw","avatar_url":"https://avatars.githubusercontent.com/u/136818799?v=4","gravatar_id":"","url":"https://api.github.com/users/Paulius-skre","html_url":"https://github.com/Paulius-skre","followers_url":"https://api.github.com/users/Paulius-skre/followers","following_url":"https://api.github.com/users/Paulius-skre/following{/other_user}","gists_url":"https://api.github.com/users/Paulius-skre/gists{/gist_id}","starred_url":"https://api.github.com/users/Paulius-skre/starred{/owner}{/repo}","subscriptions_url":"https://api.github.com/users/Paulius-skre/subscriptions","organizations_url":"https://api.github.com/users/Paulius-skre/orgs","repos_url":"https://api.github.com/users/Paulius-skre/repos","events_url":"https://api.github.com/users/Paulius-skre/events{/privacy}","received_events_url":"https://api.github.com/users/Paulius-skre/received_events","type":"User","user_view_type":"private","site_admin":false,"name":null,"company":null,"blog":"","location":null,"email":null,"hireable":null,"bio":null,"twitter_username":null,"notification_email":null,"public_repos":1,"public_gists":0,"followers":0,"following":0,"created_at":"2023-06-16T12:57:07Z","updated_at":"2025-08-15T15:02:47Z","private_gists":0,"total_private_repos":0,"owned_private_repos":0,"disk_usage":0,"collaborators":0,"two_factor_authentication":false,"plan":{"name":"free","space":976562499,"collaborators":0,"private_repos":10000}}
[info] 
[info] ✔  Success! Logged into GitHub as Paulius-skre 
[info] 
